[31-Oct-2020 16:35:45] NOTICE: fpm is running, pid 398
[31-Oct-2020 16:35:45] NOTICE: ready to handle connections
[31-Oct-2020 16:37:53] NOTICE: Terminating ...
[31-Oct-2020 16:37:53] NOTICE: exiting, bye-bye!
[31-Oct-2020 16:39:55] NOTICE: fpm is running, pid 387
[31-Oct-2020 16:39:55] NOTICE: ready to handle connections
[31-Oct-2020 16:39:59] NOTICE: Terminating ...
[31-Oct-2020 16:39:59] NOTICE: exiting, bye-bye!
[01-Nov-2020 13:28:50] NOTICE: fpm is running, pid 387
[01-Nov-2020 13:28:50] NOTICE: ready to handle connections
[01-Nov-2020 13:31:13] NOTICE: Terminating ...
[01-Nov-2020 13:31:13] NOTICE: exiting, bye-bye!
[01-Nov-2020 13:36:43] NOTICE: fpm is running, pid 387
[01-Nov-2020 13:36:43] NOTICE: ready to handle connections
[01-Nov-2020 13:37:01] NOTICE: Terminating ...
[01-Nov-2020 13:37:01] NOTICE: exiting, bye-bye!
[01-Nov-2020 13:39:32] NOTICE: fpm is running, pid 386
[01-Nov-2020 13:39:32] NOTICE: ready to handle connections
[01-Nov-2020 13:40:17] NOTICE: Terminating ...
[01-Nov-2020 13:40:17] NOTICE: exiting, bye-bye!
[01-Nov-2020 13:44:06] NOTICE: fpm is running, pid 386
[01-Nov-2020 13:44:06] NOTICE: ready to handle connections
[01-Nov-2020 13:45:45] NOTICE: Terminating ...
[01-Nov-2020 13:45:45] NOTICE: exiting, bye-bye!
[01-Nov-2020 13:48:52] NOTICE: fpm is running, pid 387
[01-Nov-2020 13:48:52] NOTICE: ready to handle connections
[01-Nov-2020 13:49:45] NOTICE: Terminating ...
[01-Nov-2020 13:49:45] NOTICE: exiting, bye-bye!
[01-Nov-2020 13:55:38] NOTICE: fpm is running, pid 386
[01-Nov-2020 13:55:38] NOTICE: ready to handle connections
[01-Nov-2020 13:56:42] NOTICE: Terminating ...
[01-Nov-2020 13:56:42] NOTICE: exiting, bye-bye!
[01-Nov-2020 14:00:17] NOTICE: fpm is running, pid 385
[01-Nov-2020 14:00:17] NOTICE: ready to handle connections
[01-Nov-2020 14:01:28] NOTICE: Terminating ...
[01-Nov-2020 14:01:28] NOTICE: exiting, bye-bye!
[01-Nov-2020 14:03:35] NOTICE: fpm is running, pid 387
[01-Nov-2020 14:03:35] NOTICE: ready to handle connections
[01-Nov-2020 14:05:30] NOTICE: Terminating ...
[01-Nov-2020 14:05:30] NOTICE: exiting, bye-bye!
[01-Nov-2020 14:12:15] NOTICE: fpm is running, pid 384
[01-Nov-2020 14:12:15] NOTICE: ready to handle connections
[01-Nov-2020 14:16:54] NOTICE: Terminating ...
[01-Nov-2020 14:16:54] NOTICE: exiting, bye-bye!
[01-Nov-2020 14:20:18] NOTICE: fpm is running, pid 385
[01-Nov-2020 14:20:18] NOTICE: ready to handle connections
[01-Nov-2020 14:22:03] NOTICE: Terminating ...
[01-Nov-2020 14:22:03] NOTICE: exiting, bye-bye!
[01-Nov-2020 14:26:20] NOTICE: fpm is running, pid 387
[01-Nov-2020 14:26:20] NOTICE: ready to handle connections
[01-Nov-2020 14:26:26] NOTICE: Terminating ...
[01-Nov-2020 14:26:26] NOTICE: exiting, bye-bye!
[01-Nov-2020 14:26:40] NOTICE: fpm is running, pid 387
[01-Nov-2020 14:26:40] NOTICE: ready to handle connections
[01-Nov-2020 14:26:51] NOTICE: Terminating ...
[01-Nov-2020 14:26:51] NOTICE: exiting, bye-bye!
[01-Nov-2020 14:27:16] NOTICE: fpm is running, pid 385
[01-Nov-2020 14:27:16] NOTICE: ready to handle connections
[01-Nov-2020 14:31:41] NOTICE: Terminating ...
[01-Nov-2020 14:31:41] NOTICE: exiting, bye-bye!
[01-Nov-2020 14:32:11] NOTICE: fpm is running, pid 387
[01-Nov-2020 14:32:11] NOTICE: ready to handle connections
[02-Nov-2020 00:56:36] NOTICE: Terminating ...
[02-Nov-2020 00:56:36] NOTICE: exiting, bye-bye!
[02-Nov-2020 00:56:53] NOTICE: fpm is running, pid 384
[02-Nov-2020 00:56:53] NOTICE: ready to handle connections
[02-Nov-2020 00:59:29] NOTICE: Terminating ...
[02-Nov-2020 00:59:29] NOTICE: exiting, bye-bye!
[02-Nov-2020 01:00:22] NOTICE: fpm is running, pid 387
[02-Nov-2020 01:00:22] NOTICE: ready to handle connections
[02-Nov-2020 01:00:30] NOTICE: Terminating ...
[02-Nov-2020 01:00:30] NOTICE: exiting, bye-bye!
[02-Nov-2020 01:00:45] NOTICE: fpm is running, pid 388
[02-Nov-2020 01:00:45] NOTICE: ready to handle connections
[02-Nov-2020 01:23:46] NOTICE: Terminating ...
[02-Nov-2020 01:23:46] NOTICE: exiting, bye-bye!
[02-Nov-2020 01:24:44] NOTICE: fpm is running, pid 389
[02-Nov-2020 01:24:44] NOTICE: ready to handle connections
[02-Nov-2020 01:29:08] NOTICE: Terminating ...
[02-Nov-2020 01:29:08] NOTICE: exiting, bye-bye!
[02-Nov-2020 01:32:37] NOTICE: fpm is running, pid 389
[02-Nov-2020 01:32:37] NOTICE: ready to handle connections
